This file contains any messages produced by compilers while
running configure, to aid debugging if configure makes a mistake.

It was created by circular configure 1.0.0 , which was
generated by GNU Autoconf 2.69.  Invocation command line was

  $ ./configure --no-create --no-recursion

## --------- ##
## Platform. ##
## --------- ##

hostname = u16dev01
uname -m = x86_64
uname -r = 4.15.0-64-generic
uname -s = Linux
uname -v = #73~16.04.1-Ubuntu SMP Fri Sep 13 09:56:18 UTC 2019

/usr/bin/uname -p = unknown
/bin/uname -X     = unknown

/bin/arch              = unknown
/usr/bin/arch -k       = unknown
/usr/convex/getsysinfo = unknown
/usr/bin/hostinfo      = unknown
/bin/machine           = unknown
/usr/bin/oslevel       = unknown
/bin/universe          = unknown

PATH: /home/rgarvey/system-alpha/bin
PATH: /home/rgarvey/system/bin
PATH: /home/rgarvey/bin
PATH: /usr/lib/distcc/bin
PATH: /home/rgarvey/bin
PATH: /usr/local/bin
PATH: /usr/local/Gnu/bin
PATH: /usr/local/enlightenment/bin
PATH: /usr/local/nmh/lib
PATH: /usr/local/nmh/bin
PATH: /usr/local/libexec
PATH: /usr/local/X11/bin
PATH: /usr/X11/bin
PATH: /usr/local/bin/mh
PATH: /usr/X11R6/bin
PATH: /usr/bsd
PATH: /usr/ucb
PATH: /usr/bin/X11
PATH: /usr/bin
PATH: /bin
PATH: /usr/contrib/bin
PATH: /usr/games
PATH: /usr/etc
PATH: /usr/local/bin/mh
PATH: /usr/bin/mh
PATH: /usr/freeware/bin
PATH: /usr/freeware/lib/nmh
PATH: /usr/bin/X11
PATH: /emul/linux/usr/bin
PATH: /emul/linux/usr/netscape
PATH: /opt/sfw/bin
PATH: /sbin
PATH: /usr/sbin


## ----------- ##
## Core tests. ##
## ----------- ##

configure:2327: checking build system type
configure:2341: result: x86_64-pc-linux-gnu
configure:2361: checking host system type
configure:2374: result: x86_64-pc-linux-gnu
configure:2415: checking how to print strings
configure:2442: result: printf
configure:2514: checking for gcc
configure:2530: found /usr/bin/X11/gcc
configure:2541: result: gcc
configure:2770: checking for C compiler version
configure:2779: gcc --version >&5
gcc (Ubuntu 5.4.0-6ubuntu1~16.04.11) 5.4.0 20160609
Copyright (C) 2015 Free Software Foundation, Inc.
This is free software; see the source for copying conditions.  There is NO
warranty; not even for MERCHANTABILITY or FITNESS FOR A PARTICULAR PURPOSE.

configure:2790: $? = 0
configure:2779: gcc -v >&5
Using built-in specs.
COLLECT_GCC=gcc
COLLECT_LTO_WRAPPER=/usr/lib/gcc/x86_64-linux-gnu/5/lto-wrapper
Target: x86_64-linux-gnu
Configured with: ../src/configure -v --with-pkgversion='Ubuntu 5.4.0-6ubuntu1~16.04.11' --with-bugurl=file:///usr/share/doc/gcc-5/README.Bugs --enable-languages=c,ada,c++,java,go,d,fortran,objc,obj-c++ --prefix=/usr --program-suffix=-5 --enable-shared --enable-linker-build-id --libexecdir=/usr/lib --without-included-gettext --enable-threads=posix --libdir=/usr/lib --enable-nls --with-sysroot=/ --enable-clocale=gnu --enable-libstdcxx-debug --enable-libstdcxx-time=yes --with-default-libstdcxx-abi=new --enable-gnu-unique-object --disable-vtable-verify --enable-libmpx --enable-plugin --with-system-zlib --disable-browser-plugin --enable-java-awt=gtk --enable-gtk-cairo --with-java-home=/usr/lib/jvm/java-1.5.0-gcj-5-amd64/jre --enable-java-home --with-jvm-root-dir=/usr/lib/jvm/java-1.5.0-gcj-5-amd64 --with-jvm-jar-dir=/usr/lib/jvm-exports/java-1.5.0-gcj-5-amd64 --with-arch-directory=amd64 --with-ecj-jar=/usr/share/java/eclipse-ecj.jar --enable-objc-gc --enable-multiarch --disable-werror --with-arch-32=i686 --with-abi=m64 --with-multilib-list=m32,m64,mx32 --enable-multilib --with-tune=generic --enable-checking=release --build=x86_64-linux-gnu --host=x86_64-linux-gnu --target=x86_64-linux-gnu
Thread model: posix
gcc version 5.4.0 20160609 (Ubuntu 5.4.0-6ubuntu1~16.04.11) 
configure:2790: $? = 0
configure:2779: gcc -V >&5
gcc: error: unrecognized command line option '-V'
gcc: fatal error: no input files
compilation terminated.
configure:2790: $? = 1
configure:2779: gcc -qversion >&5
gcc: error: unrecognized command line option '-qversion'
gcc: fatal error: no input files
compilation terminated.
configure:2790: $? = 1
configure:2810: checking whether the C compiler works
configure:2832: gcc    conftest.c  >&5
configure:2836: $? = 0
configure:2884: result: yes
configure:2887: checking for C compiler default output file name
configure:2889: result: a.out
configure:2895: checking for suffix of executables
configure:2902: gcc -o conftest    conftest.c  >&5
configure:2906: $? = 0
configure:2928: result: 
configure:2950: checking whether we are cross compiling
configure:2958: gcc -o conftest    conftest.c  >&5
configure:2962: $? = 0
configure:2969: ./conftest
configure:2973: $? = 0
configure:2988: result: no
configure:2993: checking for suffix of object files
configure:3015: gcc -c   conftest.c >&5
configure:3019: $? = 0
configure:3040: result: o
configure:3044: checking whether we are using the GNU C compiler
configure:3063: gcc -c   conftest.c >&5
configure:3063: $? = 0
configure:3072: result: yes
configure:3081: checking whether gcc accepts -g
configure:3101: gcc -c -g  conftest.c >&5
configure:3101: $? = 0
configure:3142: result: yes
configure:3159: checking for gcc option to accept ISO C89
configure:3222: gcc  -c -g -O2  conftest.c >&5
configure:3222: $? = 0
configure:3235: result: none needed
configure:3260: checking whether gcc understands -c and -o together
configure:3282: gcc -c conftest.c -o conftest2.o
configure:3285: $? = 0
configure:3282: gcc -c conftest.c -o conftest2.o
configure:3285: $? = 0
configure:3297: result: yes
configure:3314: checking for a sed that does not truncate output
configure:3378: result: /bin/sed
configure:3396: checking for grep that handles long lines and -e
configure:3454: result: egrep
configure:3459: checking for egrep
configure:3521: result: egrep -E
configure:3526: checking for fgrep
configure:3588: result: /bin/fgrep
configure:3623: checking for ld used by gcc
configure:3690: result: /usr/bin/X11/ld
configure:3697: checking if the linker (/usr/bin/X11/ld) is GNU ld
configure:3712: result: yes
configure:3724: checking for BSD- or MS-compatible name lister (nm)
configure:3778: result: /usr/bin/X11/nm -B
configure:3908: checking the name lister (/usr/bin/X11/nm -B) interface
configure:3915: gcc -c -g -O2  conftest.c >&5
configure:3918: /usr/bin/X11/nm -B "conftest.o"
configure:3921: output
0000000000000000 B some_variable
configure:3928: result: BSD nm
configure:3931: checking whether ln -s works
configure:3935: result: yes
configure:3943: checking the maximum length of command line arguments
configure:4074: result: 1572864
configure:4122: checking how to convert x86_64-pc-linux-gnu file names to x86_64-pc-linux-gnu format
configure:4162: result: func_convert_file_noop
configure:4169: checking how to convert x86_64-pc-linux-gnu file names to toolchain format
configure:4189: result: func_convert_file_noop
configure:4196: checking for /usr/bin/X11/ld option to reload object files
configure:4203: result: -r
configure:4277: checking for objdump
configure:4293: found /usr/bin/X11/objdump
configure:4304: result: objdump
configure:4336: checking how to recognize dependent libraries
configure:4536: result: pass_all
configure:4621: checking for dlltool
configure:4651: result: no
configure:4681: checking how to associate runtime and link libraries
configure:4708: result: printf %s\n
configure:4769: checking for ar
configure:4785: found /usr/bin/X11/ar
configure:4796: result: ar
configure:4833: checking for archiver @FILE support
configure:4850: gcc -c -g -O2  conftest.c >&5
configure:4850: $? = 0
configure:4853: ar cru libconftest.a @conftest.lst >&5
ar: `u' modifier ignored since `D' is the default (see `U')
configure:4856: $? = 0
configure:4861: ar cru libconftest.a @conftest.lst >&5
ar: `u' modifier ignored since `D' is the default (see `U')
ar: conftest.o: No such file or directory
configure:4864: $? = 1
configure:4876: result: @
configure:4934: checking for strip
configure:4950: found /usr/bin/X11/strip
configure:4961: result: strip
configure:5033: checking for ranlib
configure:5049: found /usr/bin/X11/ranlib
configure:5060: result: ranlib
configure:5137: checking for gawk
configure:5153: found /usr/bin/X11/gawk
configure:5164: result: gawk
configure:5204: checking command to parse /usr/bin/X11/nm -B output from gcc object
configure:5357: gcc -c -g -O2  conftest.c >&5
configure:5360: $? = 0
configure:5364: /usr/bin/X11/nm -B conftest.o \| sed -n -e 's/^.*[ ]\([ABCDGIRSTW][ABCDGIRSTW]*\)[ ][ ]*\([_A-Za-z][_A-Za-z0-9]*\)$/\1 \2 \2/p' | sed '/ __gnu_lto/d' \> conftest.nm
configure:5367: $? = 0
configure:5433: gcc -o conftest -g -O2   conftest.c conftstm.o >&5
configure:5436: $? = 0
configure:5474: result: ok
configure:5521: checking for sysroot
configure:5551: result: no
configure:5558: checking for a working dd
configure:5596: result: /bin/dd
configure:5600: checking how to truncate binary pipes
configure:5615: result: /bin/dd bs=4096 count=1
configure:5751: gcc -c -g -O2  conftest.c >&5
configure:5754: $? = 0
configure:5944: checking for mt
configure:5960: found /bin/mt
configure:5971: result: mt
configure:5994: checking if mt is a manifest tool
configure:6000: mt '-?'
configure:6008: result: no
configure:6685: checking how to run the C preprocessor
configure:6716: gcc -E  conftest.c
configure:6716: $? = 0
configure:6730: gcc -E  conftest.c
conftest.c:9:28: fatal error: ac_nonexistent.h: No such file or directory
compilation terminated.
configure:6730: $? = 1
configure: failed program was:
| /* confdefs.h */
| #define PACKAGE_NAME "circular"
| #define PACKAGE_TARNAME "circular"
| #define PACKAGE_VERSION "1.0.0 "
| #define PACKAGE_STRING "circular 1.0.0 "
| #define PACKAGE_BUGREPORT ""
| #define PACKAGE_URL ""
| /* end confdefs.h.  */
| #include <ac_nonexistent.h>
configure:6755: result: gcc -E
configure:6775: gcc -E  conftest.c
configure:6775: $? = 0
configure:6789: gcc -E  conftest.c
conftest.c:9:28: fatal error: ac_nonexistent.h: No such file or directory
compilation terminated.
configure:6789: $? = 1
configure: failed program was:
| /* confdefs.h */
| #define PACKAGE_NAME "circular"
| #define PACKAGE_TARNAME "circular"
| #define PACKAGE_VERSION "1.0.0 "
| #define PACKAGE_STRING "circular 1.0.0 "
| #define PACKAGE_BUGREPORT ""
| #define PACKAGE_URL ""
| /* end confdefs.h.  */
| #include <ac_nonexistent.h>
configure:6818: checking for ANSI C header files
configure:6838: gcc -c -g -O2  conftest.c >&5
configure:6838: $? = 0
configure:6911: gcc -o conftest -g -O2   conftest.c  >&5
configure:6911: $? = 0
configure:6911: ./conftest
configure:6911: $? = 0
configure:6922: result: yes
configure:6935: checking for sys/types.h
configure:6935: gcc -c -g -O2  conftest.c >&5
configure:6935: $? = 0
configure:6935: result: yes
configure:6935: checking for sys/stat.h
configure:6935: gcc -c -g -O2  conftest.c >&5
configure:6935: $? = 0
configure:6935: result: yes
configure:6935: checking for stdlib.h
configure:6935: gcc -c -g -O2  conftest.c >&5
configure:6935: $? = 0
configure:6935: result: yes
configure:6935: checking for string.h
configure:6935: gcc -c -g -O2  conftest.c >&5
configure:6935: $? = 0
configure:6935: result: yes
configure:6935: checking for memory.h
configure:6935: gcc -c -g -O2  conftest.c >&5
configure:6935: $? = 0
configure:6935: result: yes
configure:6935: checking for strings.h
configure:6935: gcc -c -g -O2  conftest.c >&5
configure:6935: $? = 0
configure:6935: result: yes
configure:6935: checking for inttypes.h
configure:6935: gcc -c -g -O2  conftest.c >&5
configure:6935: $? = 0
configure:6935: result: yes
configure:6935: checking for stdint.h
configure:6935: gcc -c -g -O2  conftest.c >&5
configure:6935: $? = 0
configure:6935: result: yes
configure:6935: checking for unistd.h
configure:6935: gcc -c -g -O2  conftest.c >&5
configure:6935: $? = 0
configure:6935: result: yes
configure:6949: checking for dlfcn.h
configure:6949: gcc -c -g -O2  conftest.c >&5
configure:6949: $? = 0
configure:6949: result: yes
configure:7205: checking for objdir
configure:7220: result: .libs
configure:7484: checking if gcc supports -fno-rtti -fno-exceptions
configure:7502: gcc -c -g -O2  -fno-rtti -fno-exceptions conftest.c >&5
cc1: warning: command line option '-fno-rtti' is valid for C++/ObjC++ but not for C
configure:7506: $? = 0
configure:7519: result: no
configure:7877: checking for gcc option to produce PIC
configure:7884: result: -fPIC -DPIC
configure:7892: checking if gcc PIC flag -fPIC -DPIC works
configure:7910: gcc -c -g -O2  -fPIC -DPIC -DPIC conftest.c >&5
configure:7914: $? = 0
configure:7927: result: yes
configure:7956: checking if gcc static flag -static works
configure:7984: result: yes
configure:7999: checking if gcc supports -c -o file.o
configure:8020: gcc -c -g -O2  -o out/conftest2.o conftest.c >&5
configure:8024: $? = 0
configure:8046: result: yes
configure:8054: checking if gcc supports -c -o file.o
configure:8101: result: yes
configure:8134: checking whether the gcc linker (/usr/bin/X11/ld -m elf_x86_64) supports shared libraries
configure:9397: result: yes
configure:9434: checking whether -lc should be explicitly linked in
configure:9442: gcc -c -g -O2  conftest.c >&5
configure:9445: $? = 0
configure:9460: gcc -shared  -fPIC -DPIC conftest.o  -v -Wl,-soname -Wl,conftest -o conftest 2\>\&1 \| egrep  -lc  \>/dev/null 2\>\&1
configure:9463: $? = 0
configure:9477: result: no
configure:9637: checking dynamic linker characteristics
configure:10218: gcc -o conftest -g -O2   -Wl,-rpath -Wl,/foo conftest.c  >&5
configure:10218: $? = 0
configure:10467: result: GNU/Linux ld.so
configure:10589: checking how to hardcode library paths into programs
configure:10614: result: immediate
configure:11162: checking whether stripping libraries is possible
configure:11167: result: yes
configure:11202: checking if libtool supports shared libraries
configure:11204: result: yes
configure:11207: checking whether to build shared libraries
configure:11232: result: yes
configure:11235: checking whether to build static libraries
configure:11239: result: yes
configure:11336: checking for g++
configure:11352: found /usr/bin/X11/g++
configure:11363: result: g++
configure:11390: checking for C++ compiler version
configure:11399: g++ --version >&5
g++ (Ubuntu 5.4.0-6ubuntu1~16.04.11) 5.4.0 20160609
Copyright (C) 2015 Free Software Foundation, Inc.
This is free software; see the source for copying conditions.  There is NO
warranty; not even for MERCHANTABILITY or FITNESS FOR A PARTICULAR PURPOSE.

configure:11410: $? = 0
configure:11399: g++ -v >&5
Using built-in specs.
COLLECT_GCC=g++
COLLECT_LTO_WRAPPER=/usr/lib/gcc/x86_64-linux-gnu/5/lto-wrapper
Target: x86_64-linux-gnu
Configured with: ../src/configure -v --with-pkgversion='Ubuntu 5.4.0-6ubuntu1~16.04.11' --with-bugurl=file:///usr/share/doc/gcc-5/README.Bugs --enable-languages=c,ada,c++,java,go,d,fortran,objc,obj-c++ --prefix=/usr --program-suffix=-5 --enable-shared --enable-linker-build-id --libexecdir=/usr/lib --without-included-gettext --enable-threads=posix --libdir=/usr/lib --enable-nls --with-sysroot=/ --enable-clocale=gnu --enable-libstdcxx-debug --enable-libstdcxx-time=yes --with-default-libstdcxx-abi=new --enable-gnu-unique-object --disable-vtable-verify --enable-libmpx --enable-plugin --with-system-zlib --disable-browser-plugin --enable-java-awt=gtk --enable-gtk-cairo --with-java-home=/usr/lib/jvm/java-1.5.0-gcj-5-amd64/jre --enable-java-home --with-jvm-root-dir=/usr/lib/jvm/java-1.5.0-gcj-5-amd64 --with-jvm-jar-dir=/usr/lib/jvm-exports/java-1.5.0-gcj-5-amd64 --with-arch-directory=amd64 --with-ecj-jar=/usr/share/java/eclipse-ecj.jar --enable-objc-gc --enable-multiarch --disable-werror --with-arch-32=i686 --with-abi=m64 --with-multilib-list=m32,m64,mx32 --enable-multilib --with-tune=generic --enable-checking=release --build=x86_64-linux-gnu --host=x86_64-linux-gnu --target=x86_64-linux-gnu
Thread model: posix
gcc version 5.4.0 20160609 (Ubuntu 5.4.0-6ubuntu1~16.04.11) 
configure:11410: $? = 0
configure:11399: g++ -V >&5
g++: error: unrecognized command line option '-V'
g++: fatal error: no input files
compilation terminated.
configure:11410: $? = 1
configure:11399: g++ -qversion >&5
g++: error: unrecognized command line option '-qversion'
g++: fatal error: no input files
compilation terminated.
configure:11410: $? = 1
configure:11414: checking whether we are using the GNU C++ compiler
configure:11433: g++ -c   conftest.cpp >&5
configure:11433: $? = 0
configure:11442: result: yes
configure:11451: checking whether g++ accepts -g
configure:11471: g++ -c -g  conftest.cpp >&5
configure:11471: $? = 0
configure:11512: result: yes
configure:11553: checking how to run the C++ preprocessor
configure:11580: g++ -E  conftest.cpp
configure:11580: $? = 0
configure:11594: g++ -E  conftest.cpp
conftest.cpp:21:28: fatal error: ac_nonexistent.h: No such file or directory
compilation terminated.
configure:11594: $? = 1
configure: failed program was:
| /* confdefs.h */
| #define PACKAGE_NAME "circular"
| #define PACKAGE_TARNAME "circular"
| #define PACKAGE_VERSION "1.0.0 "
| #define PACKAGE_STRING "circular 1.0.0 "
| #define PACKAGE_BUGREPORT ""
| #define PACKAGE_URL ""
| #define STDC_HEADERS 1
| #define HAVE_SYS_TYPES_H 1
| #define HAVE_SYS_STAT_H 1
| #define HAVE_STDLIB_H 1
| #define HAVE_STRING_H 1
| #define HAVE_MEMORY_H 1
| #define HAVE_STRINGS_H 1
| #define HAVE_INTTYPES_H 1
| #define HAVE_STDINT_H 1
| #define HAVE_UNISTD_H 1
| #define HAVE_DLFCN_H 1
| #define LT_OBJDIR ".libs/"
| /* end confdefs.h.  */
| #include <ac_nonexistent.h>
configure:11619: result: g++ -E
configure:11639: g++ -E  conftest.cpp
configure:11639: $? = 0
configure:11653: g++ -E  conftest.cpp
conftest.cpp:21:28: fatal error: ac_nonexistent.h: No such file or directory
compilation terminated.
configure:11653: $? = 1
configure: failed program was:
| /* confdefs.h */
| #define PACKAGE_NAME "circular"
| #define PACKAGE_TARNAME "circular"
| #define PACKAGE_VERSION "1.0.0 "
| #define PACKAGE_STRING "circular 1.0.0 "
| #define PACKAGE_BUGREPORT ""
| #define PACKAGE_URL ""
| #define STDC_HEADERS 1
| #define HAVE_SYS_TYPES_H 1
| #define HAVE_SYS_STAT_H 1
| #define HAVE_STDLIB_H 1
| #define HAVE_STRING_H 1
| #define HAVE_MEMORY_H 1
| #define HAVE_STRINGS_H 1
| #define HAVE_INTTYPES_H 1
| #define HAVE_STDINT_H 1
| #define HAVE_UNISTD_H 1
| #define HAVE_DLFCN_H 1
| #define LT_OBJDIR ".libs/"
| /* end confdefs.h.  */
| #include <ac_nonexistent.h>
configure:11815: checking for ld used by g++
configure:11882: result: /usr/bin/X11/ld -m elf_x86_64
configure:11889: checking if the linker (/usr/bin/X11/ld -m elf_x86_64) is GNU ld
configure:11904: result: yes
configure:11959: checking whether the g++ linker (/usr/bin/X11/ld -m elf_x86_64) supports shared libraries
configure:13032: result: yes
configure:13068: g++ -c -g -O2  conftest.cpp >&5
configure:13071: $? = 0
configure:13552: checking for g++ option to produce PIC
configure:13559: result: -fPIC -DPIC
configure:13567: checking if g++ PIC flag -fPIC -DPIC works
configure:13585: g++ -c -g -O2  -fPIC -DPIC -DPIC conftest.cpp >&5
configure:13589: $? = 0
configure:13602: result: yes
configure:13625: checking if g++ static flag -static works
configure:13653: result: yes
configure:13665: checking if g++ supports -c -o file.o
configure:13686: g++ -c -g -O2  -o out/conftest2.o conftest.cpp >&5
configure:13690: $? = 0
configure:13712: result: yes
configure:13717: checking if g++ supports -c -o file.o
configure:13764: result: yes
configure:13794: checking whether the g++ linker (/usr/bin/X11/ld -m elf_x86_64) supports shared libraries
configure:13837: result: yes
configure:13978: checking dynamic linker characteristics
configure:14735: result: GNU/Linux ld.so
configure:14800: checking how to hardcode library paths into programs
configure:14825: result: immediate
configure:14875: Nested Sharedlib Fun Directory: /home/rgarvey/code/nested-sharedlib-fun
configure:14893: checking for a BSD-compatible install
configure:14961: result: /usr/bin/X11/install -c
configure:14972: checking whether build environment is sane
configure:15027: result: yes
configure:15175: checking for a thread-safe mkdir -p
configure:15214: result: /bin/mkdir -p
configure:15217: checking whether make sets $(MAKE)
configure:15239: result: yes
configure:15269: checking for style of include used by make
configure:15297: result: GNU
configure:15331: checking whether make supports nested variables
configure:15348: result: yes
configure:15433: checking dependency style of gcc
configure:15544: result: gcc3
configure:15561: checking dependency style of g++
configure:15672: result: gcc3
configure:15843: checking for C++ compiler version
configure:15852: g++ --version >&5
g++ (Ubuntu 5.4.0-6ubuntu1~16.04.11) 5.4.0 20160609
Copyright (C) 2015 Free Software Foundation, Inc.
This is free software; see the source for copying conditions.  There is NO
warranty; not even for MERCHANTABILITY or FITNESS FOR A PARTICULAR PURPOSE.

configure:15863: $? = 0
configure:15852: g++ -v >&5
Using built-in specs.
COLLECT_GCC=g++
COLLECT_LTO_WRAPPER=/usr/lib/gcc/x86_64-linux-gnu/5/lto-wrapper
Target: x86_64-linux-gnu
Configured with: ../src/configure -v --with-pkgversion='Ubuntu 5.4.0-6ubuntu1~16.04.11' --with-bugurl=file:///usr/share/doc/gcc-5/README.Bugs --enable-languages=c,ada,c++,java,go,d,fortran,objc,obj-c++ --prefix=/usr --program-suffix=-5 --enable-shared --enable-linker-build-id --libexecdir=/usr/lib --without-included-gettext --enable-threads=posix --libdir=/usr/lib --enable-nls --with-sysroot=/ --enable-clocale=gnu --enable-libstdcxx-debug --enable-libstdcxx-time=yes --with-default-libstdcxx-abi=new --enable-gnu-unique-object --disable-vtable-verify --enable-libmpx --enable-plugin --with-system-zlib --disable-browser-plugin --enable-java-awt=gtk --enable-gtk-cairo --with-java-home=/usr/lib/jvm/java-1.5.0-gcj-5-amd64/jre --enable-java-home --with-jvm-root-dir=/usr/lib/jvm/java-1.5.0-gcj-5-amd64 --with-jvm-jar-dir=/usr/lib/jvm-exports/java-1.5.0-gcj-5-amd64 --with-arch-directory=amd64 --with-ecj-jar=/usr/share/java/eclipse-ecj.jar --enable-objc-gc --enable-multiarch --disable-werror --with-arch-32=i686 --with-abi=m64 --with-multilib-list=m32,m64,mx32 --enable-multilib --with-tune=generic --enable-checking=release --build=x86_64-linux-gnu --host=x86_64-linux-gnu --target=x86_64-linux-gnu
Thread model: posix
gcc version 5.4.0 20160609 (Ubuntu 5.4.0-6ubuntu1~16.04.11) 
configure:15863: $? = 0
configure:15852: g++ -V >&5
g++: error: unrecognized command line option '-V'
g++: fatal error: no input files
compilation terminated.
configure:15863: $? = 1
configure:15852: g++ -qversion >&5
g++: error: unrecognized command line option '-qversion'
g++: fatal error: no input files
compilation terminated.
configure:15863: $? = 1
configure:15867: checking whether we are using the GNU C++ compiler
configure:15895: result: yes
configure:15904: checking whether g++ accepts -g
configure:15965: result: yes
configure:16137: checking that generated files are newer than configure
configure:16143: result: done
configure:16170: creating ./config.status

## ---------------- ##
## Cache variables. ##
## ---------------- ##

ac_cv_build=x86_64-pc-linux-gnu
ac_cv_c_compiler_gnu=yes
ac_cv_cxx_compiler_gnu=yes
ac_cv_env_CCC_set=
ac_cv_env_CCC_value=
ac_cv_env_CC_set=
ac_cv_env_CC_value=
ac_cv_env_CFLAGS_set=
ac_cv_env_CFLAGS_value=
ac_cv_env_CPPFLAGS_set=
ac_cv_env_CPPFLAGS_value=
ac_cv_env_CPP_set=
ac_cv_env_CPP_value=
ac_cv_env_CXXCPP_set=
ac_cv_env_CXXCPP_value=
ac_cv_env_CXXFLAGS_set=
ac_cv_env_CXXFLAGS_value=
ac_cv_env_CXX_set=
ac_cv_env_CXX_value=
ac_cv_env_LDFLAGS_set=
ac_cv_env_LDFLAGS_value=
ac_cv_env_LIBS_set=
ac_cv_env_LIBS_value=
ac_cv_env_LT_SYS_LIBRARY_PATH_set=
ac_cv_env_LT_SYS_LIBRARY_PATH_value=
ac_cv_env_build_alias_set=
ac_cv_env_build_alias_value=
ac_cv_env_host_alias_set=
ac_cv_env_host_alias_value=
ac_cv_env_target_alias_set=
ac_cv_env_target_alias_value=
ac_cv_header_dlfcn_h=yes
ac_cv_header_inttypes_h=yes
ac_cv_header_memory_h=yes
ac_cv_header_stdc=yes
ac_cv_header_stdint_h=yes
ac_cv_header_stdlib_h=yes
ac_cv_header_string_h=yes
ac_cv_header_strings_h=yes
ac_cv_header_sys_stat_h=yes
ac_cv_header_sys_types_h=yes
ac_cv_header_unistd_h=yes
ac_cv_host=x86_64-pc-linux-gnu
ac_cv_objext=o
ac_cv_path_EGREP='egrep -E'
ac_cv_path_FGREP=/bin/fgrep
ac_cv_path_GREP=egrep
ac_cv_path_SED=/bin/sed
ac_cv_path_install='/usr/bin/X11/install -c'
ac_cv_path_lt_DD=/bin/dd
ac_cv_path_mkdir=/bin/mkdir
ac_cv_prog_AWK=gawk
ac_cv_prog_CPP='gcc -E'
ac_cv_prog_CXXCPP='g++ -E'
ac_cv_prog_ac_ct_AR=ar
ac_cv_prog_ac_ct_CC=gcc
ac_cv_prog_ac_ct_CXX=g++
ac_cv_prog_ac_ct_MANIFEST_TOOL=mt
ac_cv_prog_ac_ct_OBJDUMP=objdump
ac_cv_prog_ac_ct_RANLIB=ranlib
ac_cv_prog_ac_ct_STRIP=strip
ac_cv_prog_cc_c89=
ac_cv_prog_cc_g=yes
ac_cv_prog_cxx_g=yes
ac_cv_prog_make_make_set=yes
am_cv_CC_dependencies_compiler_type=gcc3
am_cv_CXX_dependencies_compiler_type=gcc3
am_cv_make_support_nested_variables=yes
am_cv_prog_cc_c_o=yes
lt_cv_ar_at_file=@
lt_cv_archive_cmds_need_lc=no
lt_cv_deplibs_check_method=pass_all
lt_cv_file_magic_cmd='$MAGIC_CMD'
lt_cv_file_magic_test_file=
lt_cv_ld_reload_flag=-r
lt_cv_nm_interface='BSD nm'
lt_cv_objdir=.libs
lt_cv_path_LD=/usr/bin/X11/ld
lt_cv_path_LDCXX='/usr/bin/X11/ld -m elf_x86_64'
lt_cv_path_NM='/usr/bin/X11/nm -B'
lt_cv_path_mainfest_tool=no
lt_cv_prog_compiler_c_o=yes
lt_cv_prog_compiler_c_o_CXX=yes
lt_cv_prog_compiler_pic='-fPIC -DPIC'
lt_cv_prog_compiler_pic_CXX='-fPIC -DPIC'
lt_cv_prog_compiler_pic_works=yes
lt_cv_prog_compiler_pic_works_CXX=yes
lt_cv_prog_compiler_rtti_exceptions=no
lt_cv_prog_compiler_static_works=yes
lt_cv_prog_compiler_static_works_CXX=yes
lt_cv_prog_gnu_ld=yes
lt_cv_prog_gnu_ldcxx=yes
lt_cv_sharedlib_from_linklib_cmd='printf %s\n'
lt_cv_shlibpath_overrides_runpath=no
lt_cv_sys_global_symbol_pipe='sed -n -e '\''s/^.*[	 ]\([ABCDGIRSTW][ABCDGIRSTW]*\)[	 ][	 ]*\([_A-Za-z][_A-Za-z0-9]*\)$/\1 \2 \2/p'\'' | sed '\''/ __gnu_lto/d'\'''
lt_cv_sys_global_symbol_to_c_name_address='sed -n -e '\''s/^: \(.*\) .*$/  {"\1", (void *) 0},/p'\'' -e '\''s/^[ABCDGIRSTW][ABCDGIRSTW]* .* \(.*\)$/  {"\1", (void *) \&\1},/p'\'''
lt_cv_sys_global_symbol_to_c_name_address_lib_prefix='sed -n -e '\''s/^: \(.*\) .*$/  {"\1", (void *) 0},/p'\'' -e '\''s/^[ABCDGIRSTW][ABCDGIRSTW]* .* \(lib.*\)$/  {"\1", (void *) \&\1},/p'\'' -e '\''s/^[ABCDGIRSTW][ABCDGIRSTW]* .* \(.*\)$/  {"lib\1", (void *) \&\1},/p'\'''
lt_cv_sys_global_symbol_to_cdecl='sed -n -e '\''s/^T .* \(.*\)$/extern int \1();/p'\'' -e '\''s/^[ABCDGIRSTW][ABCDGIRSTW]* .* \(.*\)$/extern char \1;/p'\'''
lt_cv_sys_global_symbol_to_import=
lt_cv_sys_max_cmd_len=1572864
lt_cv_to_host_file_cmd=func_convert_file_noop
lt_cv_to_tool_file_cmd=func_convert_file_noop
lt_cv_truncate_bin='/bin/dd bs=4096 count=1'

## ----------------- ##
## Output variables. ##
## ----------------- ##

ACLOCAL='${SHELL} /home/rgarvey/code/nested-sharedlib-fun/circular/missing aclocal-1.15'
AMDEPBACKSLASH='\'
AMDEP_FALSE='#'
AMDEP_TRUE=''
AMTAR='$${TAR-tar}'
AM_BACKSLASH='\'
AM_DEFAULT_V='$(AM_DEFAULT_VERBOSITY)'
AM_DEFAULT_VERBOSITY='1'
AM_V='$(V)'
AR='ar'
AUTOCONF='${SHELL} /home/rgarvey/code/nested-sharedlib-fun/circular/missing autoconf'
AUTOHEADER='${SHELL} /home/rgarvey/code/nested-sharedlib-fun/circular/missing autoheader'
AUTOMAKE='${SHELL} /home/rgarvey/code/nested-sharedlib-fun/circular/missing automake-1.15'
AWK='gawk'
CC='gcc'
CCDEPMODE='depmode=gcc3'
CFLAGS='-g -O2'
CPP='gcc -E'
CPPFLAGS=''
CXX='g++'
CXXCPP='g++ -E'
CXXDEPMODE='depmode=gcc3'
CXXFLAGS='-g -O2'
CYGPATH_W='echo'
DEFS='-DPACKAGE_NAME=\"circular\" -DPACKAGE_TARNAME=\"circular\" -DPACKAGE_VERSION=\"1.0.0\ \" -DPACKAGE_STRING=\"circular\ 1.0.0\ \" -DPACKAGE_BUGREPORT=\"\" -DPACKAGE_URL=\"\" -DSTDC_HEADERS=1 -DHAVE_SYS_TYPES_H=1 -DHAVE_SYS_STAT_H=1 -DHAVE_STDLIB_H=1 -DHAVE_STRING_H=1 -DHAVE_MEMORY_H=1 -DHAVE_STRINGS_H=1 -DHAVE_INTTYPES_H=1 -DHAVE_STDINT_H=1 -DHAVE_UNISTD_H=1 -DHAVE_DLFCN_H=1 -DLT_OBJDIR=\".libs/\" -DPACKAGE=\"circular\" -DVERSION=\"1.0.0\ \"'
DEPDIR='.deps'
DLLTOOL='false'
DSYMUTIL=''
DUMPBIN=''
ECHO_C=''
ECHO_N='-n'
ECHO_T=''
EGREP='egrep -E'
EXEEXT=''
FGREP='/bin/fgrep'
GREP='egrep'
INSTALL_DATA='${INSTALL} -m 644'
INSTALL_PROGRAM='${INSTALL}'
INSTALL_SCRIPT='${INSTALL}'
INSTALL_STRIP_PROGRAM='$(install_sh) -c -s'
LD='/usr/bin/X11/ld -m elf_x86_64'
LDFLAGS=''
LIBOBJS=''
LIBS=''
LIBTOOL='$(SHELL) $(top_builddir)/libtool'
LIPO=''
LN_S='ln -s'
LTLIBOBJS=''
LT_SYS_LIBRARY_PATH=''
MAKEINFO='${SHELL} /home/rgarvey/code/nested-sharedlib-fun/circular/missing makeinfo'
MANIFEST_TOOL=':'
MKDIR_P='/bin/mkdir -p'
NM='/usr/bin/X11/nm -B'
NMEDIT=''
OBJDUMP='objdump'
OBJEXT='o'
OTOOL64=''
OTOOL=''
PACKAGE='circular'
PACKAGE_BUGREPORT=''
PACKAGE_NAME='circular'
PACKAGE_STRING='circular 1.0.0 '
PACKAGE_TARNAME='circular'
PACKAGE_URL=''
PACKAGE_VERSION='1.0.0 '
PATH_SEPARATOR=':'
RANLIB='ranlib'
SED='/bin/sed'
SET_MAKE=''
SHELL='/bin/bash'
STRIP='strip'
VERSION='1.0.0 '
ac_ct_AR='ar'
ac_ct_CC='gcc'
ac_ct_CXX='g++'
ac_ct_DUMPBIN=''
am__EXEEXT_FALSE=''
am__EXEEXT_TRUE='#'
am__fastdepCC_FALSE='#'
am__fastdepCC_TRUE=''
am__fastdepCXX_FALSE='#'
am__fastdepCXX_TRUE=''
am__include='include'
am__isrc=''
am__leading_dot='.'
am__nodep='_no'
am__quote=''
am__tar='$${TAR-tar} chof - "$$tardir"'
am__untar='$${TAR-tar} xf -'
bindir='${exec_prefix}/bin'
build='x86_64-pc-linux-gnu'
build_alias=''
build_cpu='x86_64'
build_os='linux-gnu'
build_vendor='pc'
datadir='${datarootdir}'
datarootdir='${prefix}/share'
docdir='${datarootdir}/doc/${PACKAGE_TARNAME}'
dvidir='${docdir}'
exec_prefix='${prefix}'
host='x86_64-pc-linux-gnu'
host_alias=''
host_cpu='x86_64'
host_os='linux-gnu'
host_vendor='pc'
htmldir='${docdir}'
includedir='${prefix}/include'
infodir='${datarootdir}/info'
install_sh='${SHELL} /home/rgarvey/code/nested-sharedlib-fun/circular/install-sh'
libdir='${exec_prefix}/lib'
libexecdir='${exec_prefix}/libexec'
libp1_dir='/home/rgarvey/code/nested-sharedlib-fun/libp1'
localedir='${datarootdir}/locale'
localstatedir='${prefix}/var'
mandir='${datarootdir}/man'
mkdir_p='$(MKDIR_P)'
nsfun_root='/home/rgarvey/code/nested-sharedlib-fun'
oldincludedir='/usr/include'
pdfdir='${docdir}'
prefix='/usr/local'
program_transform_name='s,x,x,'
psdir='${docdir}'
runstatedir='${localstatedir}/run'
sbindir='${exec_prefix}/sbin'
sharedstatedir='${prefix}/com'
sysconfdir='${prefix}/etc'
target_alias=''

## ----------- ##
## confdefs.h. ##
## ----------- ##

/* confdefs.h */
#define PACKAGE_NAME "circular"
#define PACKAGE_TARNAME "circular"
#define PACKAGE_VERSION "1.0.0 "
#define PACKAGE_STRING "circular 1.0.0 "
#define PACKAGE_BUGREPORT ""
#define PACKAGE_URL ""
#define STDC_HEADERS 1
#define HAVE_SYS_TYPES_H 1
#define HAVE_SYS_STAT_H 1
#define HAVE_STDLIB_H 1
#define HAVE_STRING_H 1
#define HAVE_MEMORY_H 1
#define HAVE_STRINGS_H 1
#define HAVE_INTTYPES_H 1
#define HAVE_STDINT_H 1
#define HAVE_UNISTD_H 1
#define HAVE_DLFCN_H 1
#define LT_OBJDIR ".libs/"
#define PACKAGE "circular"
#define VERSION "1.0.0 "

configure: exit 0

## ---------------------- ##
## Running config.status. ##
## ---------------------- ##

This file was extended by circular config.status 1.0.0 , which was
generated by GNU Autoconf 2.69.  Invocation command line was

  CONFIG_FILES    = 
  CONFIG_HEADERS  = 
  CONFIG_LINKS    = 
  CONFIG_COMMANDS = 
  $ ./config.status 

on u16dev01

config.status:1078: creating Makefile
config.status:1078: creating src/Makefile
config.status:1078: creating src/app1/Makefile
config.status:1078: creating src/app2/Makefile
config.status:1078: creating lib/Makefile
config.status:1078: creating lib/libcirc0/Makefile
config.status:1078: creating lib/libcirc1/Makefile
config.status:1078: creating lib/libcirc2/Makefile
config.status:1250: executing libtool commands
config.status:1250: executing depfiles commands
