This file contains any messages produced by compilers while
running configure, to aid debugging if configure makes a mistake.

It was created by prog1 configure 1.0.0 , which was
generated by GNU Autoconf 2.69.  Invocation command line was

  $ ./configure 

## --------- ##
## Platform. ##
## --------- ##

hostname = u16dev01
uname -m = x86_64
uname -r = 4.15.0-60-generic
uname -s = Linux
uname -v = #67~16.04.1-Ubuntu SMP Mon Aug 26 08:57:33 UTC 2019

/usr/bin/uname -p = unknown
/bin/uname -X     = unknown

/bin/arch              = unknown
/usr/bin/arch -k       = unknown
/usr/convex/getsysinfo = unknown
/usr/bin/hostinfo      = unknown
/bin/machine           = unknown
/usr/bin/oslevel       = unknown
/bin/universe          = unknown

PATH: /home/rgarvey/system-alpha/bin
PATH: /home/rgarvey/system/bin
PATH: /home/rgarvey/bin
PATH: /usr/lib/distcc/bin
PATH: /home/rgarvey/bin
PATH: /usr/local/bin
PATH: /usr/local/Gnu/bin
PATH: /usr/local/enlightenment/bin
PATH: /usr/local/nmh/lib
PATH: /usr/local/nmh/bin
PATH: /usr/local/libexec
PATH: /usr/local/X11/bin
PATH: /usr/X11/bin
PATH: /usr/local/bin/mh
PATH: /usr/X11R6/bin
PATH: /usr/bsd
PATH: /usr/ucb
PATH: /usr/bin/X11
PATH: /usr/bin
PATH: /bin
PATH: /usr/contrib/bin
PATH: /usr/games
PATH: /usr/etc
PATH: /usr/local/bin/mh
PATH: /usr/bin/mh
PATH: /usr/freeware/bin
PATH: /usr/freeware/lib/nmh
PATH: /usr/bin/X11
PATH: /emul/linux/usr/bin
PATH: /emul/linux/usr/netscape
PATH: /opt/sfw/bin
PATH: /sbin
PATH: /usr/sbin


## ----------- ##
## Core tests. ##
## ----------- ##

configure:2331: checking build system type
configure:2345: result: x86_64-pc-linux-gnu
configure:2365: checking host system type
configure:2378: result: x86_64-pc-linux-gnu
configure:2419: checking how to print strings
configure:2446: result: printf
configure:2518: checking for gcc
configure:2534: found /usr/bin/X11/gcc
configure:2545: result: gcc
configure:2774: checking for C compiler version
configure:2783: gcc --version >&5
gcc (Ubuntu 5.4.0-6ubuntu1~16.04.11) 5.4.0 20160609
Copyright (C) 2015 Free Software Foundation, Inc.
This is free software; see the source for copying conditions.  There is NO
warranty; not even for MERCHANTABILITY or FITNESS FOR A PARTICULAR PURPOSE.

configure:2794: $? = 0
configure:2783: gcc -v >&5
Using built-in specs.
COLLECT_GCC=gcc
COLLECT_LTO_WRAPPER=/usr/lib/gcc/x86_64-linux-gnu/5/lto-wrapper
Target: x86_64-linux-gnu
Configured with: ../src/configure -v --with-pkgversion='Ubuntu 5.4.0-6ubuntu1~16.04.11' --with-bugurl=file:///usr/share/doc/gcc-5/README.Bugs --enable-languages=c,ada,c++,java,go,d,fortran,objc,obj-c++ --prefix=/usr --program-suffix=-5 --enable-shared --enable-linker-build-id --libexecdir=/usr/lib --without-included-gettext --enable-threads=posix --libdir=/usr/lib --enable-nls --with-sysroot=/ --enable-clocale=gnu --enable-libstdcxx-debug --enable-libstdcxx-time=yes --with-default-libstdcxx-abi=new --enable-gnu-unique-object --disable-vtable-verify --enable-libmpx --enable-plugin --with-system-zlib --disable-browser-plugin --enable-java-awt=gtk --enable-gtk-cairo --with-java-home=/usr/lib/jvm/java-1.5.0-gcj-5-amd64/jre --enable-java-home --with-jvm-root-dir=/usr/lib/jvm/java-1.5.0-gcj-5-amd64 --with-jvm-jar-dir=/usr/lib/jvm-exports/java-1.5.0-gcj-5-amd64 --with-arch-directory=amd64 --with-ecj-jar=/usr/share/java/eclipse-ecj.jar --enable-objc-gc --enable-multiarch --disable-werror --with-arch-32=i686 --with-abi=m64 --with-multilib-list=m32,m64,mx32 --enable-multilib --with-tune=generic --enable-checking=release --build=x86_64-linux-gnu --host=x86_64-linux-gnu --target=x86_64-linux-gnu
Thread model: posix
gcc version 5.4.0 20160609 (Ubuntu 5.4.0-6ubuntu1~16.04.11) 
configure:2794: $? = 0
configure:2783: gcc -V >&5
gcc: error: unrecognized command line option '-V'
gcc: fatal error: no input files
compilation terminated.
configure:2794: $? = 1
configure:2783: gcc -qversion >&5
gcc: error: unrecognized command line option '-qversion'
gcc: fatal error: no input files
compilation terminated.
configure:2794: $? = 1
configure:2814: checking whether the C compiler works
configure:2836: gcc    conftest.c  >&5
configure:2840: $? = 0
configure:2888: result: yes
configure:2891: checking for C compiler default output file name
configure:2893: result: a.out
configure:2899: checking for suffix of executables
configure:2906: gcc -o conftest    conftest.c  >&5
configure:2910: $? = 0
configure:2932: result: 
configure:2954: checking whether we are cross compiling
configure:2962: gcc -o conftest    conftest.c  >&5
configure:2966: $? = 0
configure:2973: ./conftest
configure:2977: $? = 0
configure:2992: result: no
configure:2997: checking for suffix of object files
configure:3019: gcc -c   conftest.c >&5
configure:3023: $? = 0
configure:3044: result: o
configure:3048: checking whether we are using the GNU C compiler
configure:3067: gcc -c   conftest.c >&5
configure:3067: $? = 0
configure:3076: result: yes
configure:3085: checking whether gcc accepts -g
configure:3105: gcc -c -g  conftest.c >&5
configure:3105: $? = 0
configure:3146: result: yes
configure:3163: checking for gcc option to accept ISO C89
configure:3226: gcc  -c -g -O2  conftest.c >&5
configure:3226: $? = 0
configure:3239: result: none needed
configure:3264: checking whether gcc understands -c and -o together
configure:3286: gcc -c conftest.c -o conftest2.o
configure:3289: $? = 0
configure:3286: gcc -c conftest.c -o conftest2.o
configure:3289: $? = 0
configure:3301: result: yes
configure:3318: checking for a sed that does not truncate output
configure:3382: result: /bin/sed
configure:3400: checking for grep that handles long lines and -e
configure:3458: result: egrep
configure:3463: checking for egrep
configure:3525: result: egrep -E
configure:3530: checking for fgrep
configure:3592: result: /bin/fgrep
configure:3627: checking for ld used by gcc
configure:3694: result: /usr/bin/X11/ld
configure:3701: checking if the linker (/usr/bin/X11/ld) is GNU ld
configure:3716: result: yes
configure:3728: checking for BSD- or MS-compatible name lister (nm)
configure:3782: result: /usr/bin/X11/nm -B
configure:3912: checking the name lister (/usr/bin/X11/nm -B) interface
configure:3919: gcc -c -g -O2  conftest.c >&5
configure:3922: /usr/bin/X11/nm -B "conftest.o"
configure:3925: output
0000000000000000 B some_variable
configure:3932: result: BSD nm
configure:3935: checking whether ln -s works
configure:3939: result: yes
configure:3947: checking the maximum length of command line arguments
configure:4078: result: 1572864
configure:4126: checking how to convert x86_64-pc-linux-gnu file names to x86_64-pc-linux-gnu format
configure:4166: result: func_convert_file_noop
configure:4173: checking how to convert x86_64-pc-linux-gnu file names to toolchain format
configure:4193: result: func_convert_file_noop
configure:4200: checking for /usr/bin/X11/ld option to reload object files
configure:4207: result: -r
configure:4281: checking for objdump
configure:4297: found /usr/bin/X11/objdump
configure:4308: result: objdump
configure:4340: checking how to recognize dependent libraries
configure:4540: result: pass_all
configure:4625: checking for dlltool
configure:4655: result: no
configure:4685: checking how to associate runtime and link libraries
configure:4712: result: printf %s\n
configure:4773: checking for ar
configure:4789: found /usr/bin/X11/ar
configure:4800: result: ar
configure:4837: checking for archiver @FILE support
configure:4854: gcc -c -g -O2  conftest.c >&5
configure:4854: $? = 0
configure:4857: ar cru libconftest.a @conftest.lst >&5
ar: `u' modifier ignored since `D' is the default (see `U')
configure:4860: $? = 0
configure:4865: ar cru libconftest.a @conftest.lst >&5
ar: `u' modifier ignored since `D' is the default (see `U')
ar: conftest.o: No such file or directory
configure:4868: $? = 1
configure:4880: result: @
configure:4938: checking for strip
configure:4954: found /usr/bin/X11/strip
configure:4965: result: strip
configure:5037: checking for ranlib
configure:5053: found /usr/bin/X11/ranlib
configure:5064: result: ranlib
configure:5141: checking for gawk
configure:5157: found /usr/bin/X11/gawk
configure:5168: result: gawk
configure:5208: checking command to parse /usr/bin/X11/nm -B output from gcc object
configure:5361: gcc -c -g -O2  conftest.c >&5
configure:5364: $? = 0
configure:5368: /usr/bin/X11/nm -B conftest.o \| sed -n -e 's/^.*[ ]\([ABCDGIRSTW][ABCDGIRSTW]*\)[ ][ ]*\([_A-Za-z][_A-Za-z0-9]*\)$/\1 \2 \2/p' | sed '/ __gnu_lto/d' \> conftest.nm
configure:5371: $? = 0
configure:5437: gcc -o conftest -g -O2   conftest.c conftstm.o >&5
configure:5440: $? = 0
configure:5478: result: ok
configure:5525: checking for sysroot
configure:5555: result: no
configure:5562: checking for a working dd
configure:5600: result: /bin/dd
configure:5604: checking how to truncate binary pipes
configure:5619: result: /bin/dd bs=4096 count=1
configure:5755: gcc -c -g -O2  conftest.c >&5
configure:5758: $? = 0
configure:5948: checking for mt
configure:5964: found /bin/mt
configure:5975: result: mt
configure:5998: checking if mt is a manifest tool
configure:6004: mt '-?'
configure:6012: result: no
configure:6689: checking how to run the C preprocessor
configure:6720: gcc -E  conftest.c
configure:6720: $? = 0
configure:6734: gcc -E  conftest.c
conftest.c:9:28: fatal error: ac_nonexistent.h: No such file or directory
compilation terminated.
configure:6734: $? = 1
configure: failed program was:
| /* confdefs.h */
| #define PACKAGE_NAME "prog1"
| #define PACKAGE_TARNAME "prog1"
| #define PACKAGE_VERSION "1.0.0 "
| #define PACKAGE_STRING "prog1 1.0.0 "
| #define PACKAGE_BUGREPORT ""
| #define PACKAGE_URL ""
| /* end confdefs.h.  */
| #include <ac_nonexistent.h>
configure:6759: result: gcc -E
configure:6779: gcc -E  conftest.c
configure:6779: $? = 0
configure:6793: gcc -E  conftest.c
conftest.c:9:28: fatal error: ac_nonexistent.h: No such file or directory
compilation terminated.
configure:6793: $? = 1
configure: failed program was:
| /* confdefs.h */
| #define PACKAGE_NAME "prog1"
| #define PACKAGE_TARNAME "prog1"
| #define PACKAGE_VERSION "1.0.0 "
| #define PACKAGE_STRING "prog1 1.0.0 "
| #define PACKAGE_BUGREPORT ""
| #define PACKAGE_URL ""
| /* end confdefs.h.  */
| #include <ac_nonexistent.h>
configure:6822: checking for ANSI C header files
configure:6842: gcc -c -g -O2  conftest.c >&5
configure:6842: $? = 0
configure:6915: gcc -o conftest -g -O2   conftest.c  >&5
configure:6915: $? = 0
configure:6915: ./conftest
configure:6915: $? = 0
configure:6926: result: yes
configure:6939: checking for sys/types.h
configure:6939: gcc -c -g -O2  conftest.c >&5
configure:6939: $? = 0
configure:6939: result: yes
configure:6939: checking for sys/stat.h
configure:6939: gcc -c -g -O2  conftest.c >&5
configure:6939: $? = 0
configure:6939: result: yes
configure:6939: checking for stdlib.h
configure:6939: gcc -c -g -O2  conftest.c >&5
configure:6939: $? = 0
configure:6939: result: yes
configure:6939: checking for string.h
configure:6939: gcc -c -g -O2  conftest.c >&5
configure:6939: $? = 0
configure:6939: result: yes
configure:6939: checking for memory.h
configure:6939: gcc -c -g -O2  conftest.c >&5
configure:6939: $? = 0
configure:6939: result: yes
configure:6939: checking for strings.h
configure:6939: gcc -c -g -O2  conftest.c >&5
configure:6939: $? = 0
configure:6939: result: yes
configure:6939: checking for inttypes.h
configure:6939: gcc -c -g -O2  conftest.c >&5
configure:6939: $? = 0
configure:6939: result: yes
configure:6939: checking for stdint.h
configure:6939: gcc -c -g -O2  conftest.c >&5
configure:6939: $? = 0
configure:6939: result: yes
configure:6939: checking for unistd.h
configure:6939: gcc -c -g -O2  conftest.c >&5
configure:6939: $? = 0
configure:6939: result: yes
configure:6953: checking for dlfcn.h
configure:6953: gcc -c -g -O2  conftest.c >&5
configure:6953: $? = 0
configure:6953: result: yes
configure:7209: checking for objdir
configure:7224: result: .libs
configure:7488: checking if gcc supports -fno-rtti -fno-exceptions
configure:7506: gcc -c -g -O2  -fno-rtti -fno-exceptions conftest.c >&5
cc1: warning: command line option '-fno-rtti' is valid for C++/ObjC++ but not for C
configure:7510: $? = 0
configure:7523: result: no
configure:7881: checking for gcc option to produce PIC
configure:7888: result: -fPIC -DPIC
configure:7896: checking if gcc PIC flag -fPIC -DPIC works
configure:7914: gcc -c -g -O2  -fPIC -DPIC -DPIC conftest.c >&5
configure:7918: $? = 0
configure:7931: result: yes
configure:7960: checking if gcc static flag -static works
configure:7988: result: yes
configure:8003: checking if gcc supports -c -o file.o
configure:8024: gcc -c -g -O2  -o out/conftest2.o conftest.c >&5
configure:8028: $? = 0
configure:8050: result: yes
configure:8058: checking if gcc supports -c -o file.o
configure:8105: result: yes
configure:8138: checking whether the gcc linker (/usr/bin/X11/ld -m elf_x86_64) supports shared libraries
configure:9401: result: yes
configure:9438: checking whether -lc should be explicitly linked in
configure:9446: gcc -c -g -O2  conftest.c >&5
configure:9449: $? = 0
configure:9464: gcc -shared  -fPIC -DPIC conftest.o  -v -Wl,-soname -Wl,conftest -o conftest 2\>\&1 \| egrep  -lc  \>/dev/null 2\>\&1
configure:9467: $? = 0
configure:9481: result: no
configure:9641: checking dynamic linker characteristics
configure:10222: gcc -o conftest -g -O2   -Wl,-rpath -Wl,/foo conftest.c  >&5
configure:10222: $? = 0
configure:10471: result: GNU/Linux ld.so
configure:10593: checking how to hardcode library paths into programs
configure:10618: result: immediate
configure:11166: checking whether stripping libraries is possible
configure:11171: result: yes
configure:11206: checking if libtool supports shared libraries
configure:11208: result: yes
configure:11211: checking whether to build shared libraries
configure:11236: result: yes
configure:11239: checking whether to build static libraries
configure:11243: result: yes
configure:11340: checking for g++
configure:11356: found /usr/bin/X11/g++
configure:11367: result: g++
configure:11394: checking for C++ compiler version
configure:11403: g++ --version >&5
g++ (Ubuntu 5.4.0-6ubuntu1~16.04.11) 5.4.0 20160609
Copyright (C) 2015 Free Software Foundation, Inc.
This is free software; see the source for copying conditions.  There is NO
warranty; not even for MERCHANTABILITY or FITNESS FOR A PARTICULAR PURPOSE.

configure:11414: $? = 0
configure:11403: g++ -v >&5
Using built-in specs.
COLLECT_GCC=g++
COLLECT_LTO_WRAPPER=/usr/lib/gcc/x86_64-linux-gnu/5/lto-wrapper
Target: x86_64-linux-gnu
Configured with: ../src/configure -v --with-pkgversion='Ubuntu 5.4.0-6ubuntu1~16.04.11' --with-bugurl=file:///usr/share/doc/gcc-5/README.Bugs --enable-languages=c,ada,c++,java,go,d,fortran,objc,obj-c++ --prefix=/usr --program-suffix=-5 --enable-shared --enable-linker-build-id --libexecdir=/usr/lib --without-included-gettext --enable-threads=posix --libdir=/usr/lib --enable-nls --with-sysroot=/ --enable-clocale=gnu --enable-libstdcxx-debug --enable-libstdcxx-time=yes --with-default-libstdcxx-abi=new --enable-gnu-unique-object --disable-vtable-verify --enable-libmpx --enable-plugin --with-system-zlib --disable-browser-plugin --enable-java-awt=gtk --enable-gtk-cairo --with-java-home=/usr/lib/jvm/java-1.5.0-gcj-5-amd64/jre --enable-java-home --with-jvm-root-dir=/usr/lib/jvm/java-1.5.0-gcj-5-amd64 --with-jvm-jar-dir=/usr/lib/jvm-exports/java-1.5.0-gcj-5-amd64 --with-arch-directory=amd64 --with-ecj-jar=/usr/share/java/eclipse-ecj.jar --enable-objc-gc --enable-multiarch --disable-werror --with-arch-32=i686 --with-abi=m64 --with-multilib-list=m32,m64,mx32 --enable-multilib --with-tune=generic --enable-checking=release --build=x86_64-linux-gnu --host=x86_64-linux-gnu --target=x86_64-linux-gnu
Thread model: posix
gcc version 5.4.0 20160609 (Ubuntu 5.4.0-6ubuntu1~16.04.11) 
configure:11414: $? = 0
configure:11403: g++ -V >&5
g++: error: unrecognized command line option '-V'
g++: fatal error: no input files
compilation terminated.
configure:11414: $? = 1
configure:11403: g++ -qversion >&5
g++: error: unrecognized command line option '-qversion'
g++: fatal error: no input files
compilation terminated.
configure:11414: $? = 1
configure:11418: checking whether we are using the GNU C++ compiler
configure:11437: g++ -c   conftest.cpp >&5
configure:11437: $? = 0
configure:11446: result: yes
configure:11455: checking whether g++ accepts -g
configure:11475: g++ -c -g  conftest.cpp >&5
configure:11475: $? = 0
configure:11516: result: yes
configure:11557: checking how to run the C++ preprocessor
configure:11584: g++ -E  conftest.cpp
configure:11584: $? = 0
configure:11598: g++ -E  conftest.cpp
conftest.cpp:21:28: fatal error: ac_nonexistent.h: No such file or directory
compilation terminated.
configure:11598: $? = 1
configure: failed program was:
| /* confdefs.h */
| #define PACKAGE_NAME "prog1"
| #define PACKAGE_TARNAME "prog1"
| #define PACKAGE_VERSION "1.0.0 "
| #define PACKAGE_STRING "prog1 1.0.0 "
| #define PACKAGE_BUGREPORT ""
| #define PACKAGE_URL ""
| #define STDC_HEADERS 1
| #define HAVE_SYS_TYPES_H 1
| #define HAVE_SYS_STAT_H 1
| #define HAVE_STDLIB_H 1
| #define HAVE_STRING_H 1
| #define HAVE_MEMORY_H 1
| #define HAVE_STRINGS_H 1
| #define HAVE_INTTYPES_H 1
| #define HAVE_STDINT_H 1
| #define HAVE_UNISTD_H 1
| #define HAVE_DLFCN_H 1
| #define LT_OBJDIR ".libs/"
| /* end confdefs.h.  */
| #include <ac_nonexistent.h>
configure:11623: result: g++ -E
configure:11643: g++ -E  conftest.cpp
configure:11643: $? = 0
configure:11657: g++ -E  conftest.cpp
conftest.cpp:21:28: fatal error: ac_nonexistent.h: No such file or directory
compilation terminated.
configure:11657: $? = 1
configure: failed program was:
| /* confdefs.h */
| #define PACKAGE_NAME "prog1"
| #define PACKAGE_TARNAME "prog1"
| #define PACKAGE_VERSION "1.0.0 "
| #define PACKAGE_STRING "prog1 1.0.0 "
| #define PACKAGE_BUGREPORT ""
| #define PACKAGE_URL ""
| #define STDC_HEADERS 1
| #define HAVE_SYS_TYPES_H 1
| #define HAVE_SYS_STAT_H 1
| #define HAVE_STDLIB_H 1
| #define HAVE_STRING_H 1
| #define HAVE_MEMORY_H 1
| #define HAVE_STRINGS_H 1
| #define HAVE_INTTYPES_H 1
| #define HAVE_STDINT_H 1
| #define HAVE_UNISTD_H 1
| #define HAVE_DLFCN_H 1
| #define LT_OBJDIR ".libs/"
| /* end confdefs.h.  */
| #include <ac_nonexistent.h>
configure:11819: checking for ld used by g++
configure:11886: result: /usr/bin/X11/ld -m elf_x86_64
configure:11893: checking if the linker (/usr/bin/X11/ld -m elf_x86_64) is GNU ld
configure:11908: result: yes
configure:11963: checking whether the g++ linker (/usr/bin/X11/ld -m elf_x86_64) supports shared libraries
configure:13036: result: yes
configure:13072: g++ -c -g -O2  conftest.cpp >&5
configure:13075: $? = 0
configure:13556: checking for g++ option to produce PIC
configure:13563: result: -fPIC -DPIC
configure:13571: checking if g++ PIC flag -fPIC -DPIC works
configure:13589: g++ -c -g -O2  -fPIC -DPIC -DPIC conftest.cpp >&5
configure:13593: $? = 0
configure:13606: result: yes
configure:13629: checking if g++ static flag -static works
configure:13657: result: yes
configure:13669: checking if g++ supports -c -o file.o
configure:13690: g++ -c -g -O2  -o out/conftest2.o conftest.cpp >&5
configure:13694: $? = 0
configure:13716: result: yes
configure:13721: checking if g++ supports -c -o file.o
configure:13768: result: yes
configure:13798: checking whether the g++ linker (/usr/bin/X11/ld -m elf_x86_64) supports shared libraries
configure:13841: result: yes
configure:13982: checking dynamic linker characteristics
configure:14739: result: GNU/Linux ld.so
configure:14804: checking how to hardcode library paths into programs
configure:14829: result: immediate
configure:14928: checking for a BSD-compatible install
configure:14996: result: /usr/bin/X11/install -c
configure:15007: checking whether build environment is sane
configure:15062: result: yes
configure:15210: checking for a thread-safe mkdir -p
configure:15249: result: /bin/mkdir -p
configure:15252: checking whether make sets $(MAKE)
configure:15274: result: yes
configure:15304: checking for style of include used by make
configure:15332: result: GNU
configure:15366: checking whether make supports nested variables
configure:15383: result: yes
configure:15468: checking dependency style of gcc
configure:15579: result: gcc3
configure:15596: checking dependency style of g++
configure:15707: result: gcc3
configure:15883: checking for C++ compiler version
configure:15892: g++ --version >&5
g++ (Ubuntu 5.4.0-6ubuntu1~16.04.11) 5.4.0 20160609
Copyright (C) 2015 Free Software Foundation, Inc.
This is free software; see the source for copying conditions.  There is NO
warranty; not even for MERCHANTABILITY or FITNESS FOR A PARTICULAR PURPOSE.

configure:15903: $? = 0
configure:15892: g++ -v >&5
Using built-in specs.
COLLECT_GCC=g++
COLLECT_LTO_WRAPPER=/usr/lib/gcc/x86_64-linux-gnu/5/lto-wrapper
Target: x86_64-linux-gnu
Configured with: ../src/configure -v --with-pkgversion='Ubuntu 5.4.0-6ubuntu1~16.04.11' --with-bugurl=file:///usr/share/doc/gcc-5/README.Bugs --enable-languages=c,ada,c++,java,go,d,fortran,objc,obj-c++ --prefix=/usr --program-suffix=-5 --enable-shared --enable-linker-build-id --libexecdir=/usr/lib --without-included-gettext --enable-threads=posix --libdir=/usr/lib --enable-nls --with-sysroot=/ --enable-clocale=gnu --enable-libstdcxx-debug --enable-libstdcxx-time=yes --with-default-libstdcxx-abi=new --enable-gnu-unique-object --disable-vtable-verify --enable-libmpx --enable-plugin --with-system-zlib --disable-browser-plugin --enable-java-awt=gtk --enable-gtk-cairo --with-java-home=/usr/lib/jvm/java-1.5.0-gcj-5-amd64/jre --enable-java-home --with-jvm-root-dir=/usr/lib/jvm/java-1.5.0-gcj-5-amd64 --with-jvm-jar-dir=/usr/lib/jvm-exports/java-1.5.0-gcj-5-amd64 --with-arch-directory=amd64 --with-ecj-jar=/usr/share/java/eclipse-ecj.jar --enable-objc-gc --enable-multiarch --disable-werror --with-arch-32=i686 --with-abi=m64 --with-multilib-list=m32,m64,mx32 --enable-multilib --with-tune=generic --enable-checking=release --build=x86_64-linux-gnu --host=x86_64-linux-gnu --target=x86_64-linux-gnu
Thread model: posix
gcc version 5.4.0 20160609 (Ubuntu 5.4.0-6ubuntu1~16.04.11) 
configure:15903: $? = 0
configure:15892: g++ -V >&5
g++: error: unrecognized command line option '-V'
g++: fatal error: no input files
compilation terminated.
configure:15903: $? = 1
configure:15892: g++ -qversion >&5
g++: error: unrecognized command line option '-qversion'
g++: fatal error: no input files
compilation terminated.
configure:15903: $? = 1
configure:15907: checking whether we are using the GNU C++ compiler
configure:15935: result: yes
configure:15944: checking whether g++ accepts -g
configure:16005: result: yes
configure:16177: checking that generated files are newer than configure
configure:16183: result: done
configure:16210: creating ./config.status

## ---------------------- ##
## Running config.status. ##
## ---------------------- ##

This file was extended by prog1 config.status 1.0.0 , which was
generated by GNU Autoconf 2.69.  Invocation command line was

  CONFIG_FILES    = 
  CONFIG_HEADERS  = 
  CONFIG_LINKS    = 
  CONFIG_COMMANDS = 
  $ ./config.status 

on u16dev01

config.status:1080: creating Makefile
config.status:1080: creating src/Makefile
config.status:1080: creating src/prog1/Makefile
config.status:1080: creating lib/Makefile
config.status:1080: creating lib/libpa/Makefile
config.status:1080: creating lib/libpb/Makefile
config.status:1252: executing libtool commands
config.status:1252: executing depfiles commands

## ---------------- ##
## Cache variables. ##
## ---------------- ##

ac_cv_build=x86_64-pc-linux-gnu
ac_cv_c_compiler_gnu=yes
ac_cv_cxx_compiler_gnu=yes
ac_cv_env_CCC_set=
ac_cv_env_CCC_value=
ac_cv_env_CC_set=
ac_cv_env_CC_value=
ac_cv_env_CFLAGS_set=
ac_cv_env_CFLAGS_value=
ac_cv_env_CPPFLAGS_set=
ac_cv_env_CPPFLAGS_value=
ac_cv_env_CPP_set=
ac_cv_env_CPP_value=
ac_cv_env_CXXCPP_set=
ac_cv_env_CXXCPP_value=
ac_cv_env_CXXFLAGS_set=
ac_cv_env_CXXFLAGS_value=
ac_cv_env_CXX_set=
ac_cv_env_CXX_value=
ac_cv_env_LDFLAGS_set=
ac_cv_env_LDFLAGS_value=
ac_cv_env_LIBS_set=
ac_cv_env_LIBS_value=
ac_cv_env_LT_SYS_LIBRARY_PATH_set=
ac_cv_env_LT_SYS_LIBRARY_PATH_value=
ac_cv_env_build_alias_set=
ac_cv_env_build_alias_value=
ac_cv_env_host_alias_set=
ac_cv_env_host_alias_value=
ac_cv_env_target_alias_set=
ac_cv_env_target_alias_value=
ac_cv_header_dlfcn_h=yes
ac_cv_header_inttypes_h=yes
ac_cv_header_memory_h=yes
ac_cv_header_stdc=yes
ac_cv_header_stdint_h=yes
ac_cv_header_stdlib_h=yes
ac_cv_header_string_h=yes
ac_cv_header_strings_h=yes
ac_cv_header_sys_stat_h=yes
ac_cv_header_sys_types_h=yes
ac_cv_header_unistd_h=yes
ac_cv_host=x86_64-pc-linux-gnu
ac_cv_objext=o
ac_cv_path_EGREP='egrep -E'
ac_cv_path_FGREP=/bin/fgrep
ac_cv_path_GREP=egrep
ac_cv_path_SED=/bin/sed
ac_cv_path_install='/usr/bin/X11/install -c'
ac_cv_path_lt_DD=/bin/dd
ac_cv_path_mkdir=/bin/mkdir
ac_cv_prog_AWK=gawk
ac_cv_prog_CPP='gcc -E'
ac_cv_prog_CXXCPP='g++ -E'
ac_cv_prog_ac_ct_AR=ar
ac_cv_prog_ac_ct_CC=gcc
ac_cv_prog_ac_ct_CXX=g++
ac_cv_prog_ac_ct_MANIFEST_TOOL=mt
ac_cv_prog_ac_ct_OBJDUMP=objdump
ac_cv_prog_ac_ct_RANLIB=ranlib
ac_cv_prog_ac_ct_STRIP=strip
ac_cv_prog_cc_c89=
ac_cv_prog_cc_g=yes
ac_cv_prog_cxx_g=yes
ac_cv_prog_make_make_set=yes
am_cv_CC_dependencies_compiler_type=gcc3
am_cv_CXX_dependencies_compiler_type=gcc3
am_cv_make_support_nested_variables=yes
am_cv_prog_cc_c_o=yes
lt_cv_ar_at_file=@
lt_cv_archive_cmds_need_lc=no
lt_cv_deplibs_check_method=pass_all
lt_cv_file_magic_cmd='$MAGIC_CMD'
lt_cv_file_magic_test_file=
lt_cv_ld_reload_flag=-r
lt_cv_nm_interface='BSD nm'
lt_cv_objdir=.libs
lt_cv_path_LD=/usr/bin/X11/ld
lt_cv_path_LDCXX='/usr/bin/X11/ld -m elf_x86_64'
lt_cv_path_NM='/usr/bin/X11/nm -B'
lt_cv_path_mainfest_tool=no
lt_cv_prog_compiler_c_o=yes
lt_cv_prog_compiler_c_o_CXX=yes
lt_cv_prog_compiler_pic='-fPIC -DPIC'
lt_cv_prog_compiler_pic_CXX='-fPIC -DPIC'
lt_cv_prog_compiler_pic_works=yes
lt_cv_prog_compiler_pic_works_CXX=yes
lt_cv_prog_compiler_rtti_exceptions=no
lt_cv_prog_compiler_static_works=yes
lt_cv_prog_compiler_static_works_CXX=yes
lt_cv_prog_gnu_ld=yes
lt_cv_prog_gnu_ldcxx=yes
lt_cv_sharedlib_from_linklib_cmd='printf %s\n'
lt_cv_shlibpath_overrides_runpath=no
lt_cv_sys_global_symbol_pipe='sed -n -e '\''s/^.*[	 ]\([ABCDGIRSTW][ABCDGIRSTW]*\)[	 ][	 ]*\([_A-Za-z][_A-Za-z0-9]*\)$/\1 \2 \2/p'\'' | sed '\''/ __gnu_lto/d'\'''
lt_cv_sys_global_symbol_to_c_name_address='sed -n -e '\''s/^: \(.*\) .*$/  {"\1", (void *) 0},/p'\'' -e '\''s/^[ABCDGIRSTW][ABCDGIRSTW]* .* \(.*\)$/  {"\1", (void *) \&\1},/p'\'''
lt_cv_sys_global_symbol_to_c_name_address_lib_prefix='sed -n -e '\''s/^: \(.*\) .*$/  {"\1", (void *) 0},/p'\'' -e '\''s/^[ABCDGIRSTW][ABCDGIRSTW]* .* \(lib.*\)$/  {"\1", (void *) \&\1},/p'\'' -e '\''s/^[ABCDGIRSTW][ABCDGIRSTW]* .* \(.*\)$/  {"lib\1", (void *) \&\1},/p'\'''
lt_cv_sys_global_symbol_to_cdecl='sed -n -e '\''s/^T .* \(.*\)$/extern int \1();/p'\'' -e '\''s/^[ABCDGIRSTW][ABCDGIRSTW]* .* \(.*\)$/extern char \1;/p'\'''
lt_cv_sys_global_symbol_to_import=
lt_cv_sys_max_cmd_len=1572864
lt_cv_to_host_file_cmd=func_convert_file_noop
lt_cv_to_tool_file_cmd=func_convert_file_noop
lt_cv_truncate_bin='/bin/dd bs=4096 count=1'

## ----------------- ##
## Output variables. ##
## ----------------- ##

ACLOCAL='${SHELL} /home/rgarvey/code/sotest2/proj1/missing aclocal-1.15'
AMDEPBACKSLASH='\'
AMDEP_FALSE='#'
AMDEP_TRUE=''
AMTAR='$${TAR-tar}'
AM_BACKSLASH='\'
AM_DEFAULT_V='$(AM_DEFAULT_VERBOSITY)'
AM_DEFAULT_VERBOSITY='1'
AM_V='$(V)'
AR='ar'
AUTOCONF='${SHELL} /home/rgarvey/code/sotest2/proj1/missing autoconf'
AUTOHEADER='${SHELL} /home/rgarvey/code/sotest2/proj1/missing autoheader'
AUTOMAKE='${SHELL} /home/rgarvey/code/sotest2/proj1/missing automake-1.15'
AWK='gawk'
CC='gcc'
CCDEPMODE='depmode=gcc3'
CFLAGS='-g -O2 -D__STDC_LIMIT_MACROS'
CPP='gcc -E'
CPPFLAGS=''
CXX='g++'
CXXCPP='g++ -E'
CXXDEPMODE='depmode=gcc3'
CXXFLAGS='-g -O2 -D__STDC_LIMIT_MACROS'
CYGPATH_W='echo'
DEFS='-DPACKAGE_NAME=\"prog1\" -DPACKAGE_TARNAME=\"prog1\" -DPACKAGE_VERSION=\"1.0.0\ \" -DPACKAGE_STRING=\"prog1\ 1.0.0\ \" -DPACKAGE_BUGREPORT=\"\" -DPACKAGE_URL=\"\" -DSTDC_HEADERS=1 -DHAVE_SYS_TYPES_H=1 -DHAVE_SYS_STAT_H=1 -DHAVE_STDLIB_H=1 -DHAVE_STRING_H=1 -DHAVE_MEMORY_H=1 -DHAVE_STRINGS_H=1 -DHAVE_INTTYPES_H=1 -DHAVE_STDINT_H=1 -DHAVE_UNISTD_H=1 -DHAVE_DLFCN_H=1 -DLT_OBJDIR=\".libs/\" -DPACKAGE=\"prog1\" -DVERSION=\"1.0.0\ \"'
DEPDIR='.deps'
DLLTOOL='false'
DSYMUTIL=''
DUMPBIN=''
ECHO_C=''
ECHO_N='-n'
ECHO_T=''
EGREP='egrep -E'
EXEEXT=''
FGREP='/bin/fgrep'
GREP='egrep'
INSTALL_DATA='${INSTALL} -m 644'
INSTALL_PROGRAM='${INSTALL}'
INSTALL_SCRIPT='${INSTALL}'
INSTALL_STRIP_PROGRAM='$(install_sh) -c -s'
LD='/usr/bin/X11/ld -m elf_x86_64'
LDFLAGS=''
LIBOBJS=''
LIBS=''
LIBTOOL='$(SHELL) $(top_builddir)/libtool'
LIPO=''
LN_S='ln -s'
LTLIBOBJS=''
LT_SYS_LIBRARY_PATH=''
MAKEINFO='${SHELL} /home/rgarvey/code/sotest2/proj1/missing makeinfo'
MANIFEST_TOOL=':'
MKDIR_P='/bin/mkdir -p'
NM='/usr/bin/X11/nm -B'
NMEDIT=''
OBJDUMP='objdump'
OBJEXT='o'
OTOOL64=''
OTOOL=''
PACKAGE='prog1'
PACKAGE_BUGREPORT=''
PACKAGE_NAME='prog1'
PACKAGE_STRING='prog1 1.0.0 '
PACKAGE_TARNAME='prog1'
PACKAGE_URL=''
PACKAGE_VERSION='1.0.0 '
PATH_SEPARATOR=':'
RANLIB='ranlib'
SED='/bin/sed'
SET_MAKE=''
SHELL='/bin/bash'
STRIP='strip'
VERSION='1.0.0 '
ac_ct_AR='ar'
ac_ct_CC='gcc'
ac_ct_CXX='g++'
ac_ct_DUMPBIN=''
am__EXEEXT_FALSE=''
am__EXEEXT_TRUE='#'
am__fastdepCC_FALSE='#'
am__fastdepCC_TRUE=''
am__fastdepCXX_FALSE='#'
am__fastdepCXX_TRUE=''
am__include='include'
am__isrc=''
am__leading_dot='.'
am__nodep='_no'
am__quote=''
am__tar='$${TAR-tar} chof - "$$tardir"'
am__untar='$${TAR-tar} xf -'
bindir='${exec_prefix}/bin'
build='x86_64-pc-linux-gnu'
build_alias=''
build_cpu='x86_64'
build_os='linux-gnu'
build_vendor='pc'
datadir='${datarootdir}'
datarootdir='${prefix}/share'
docdir='${datarootdir}/doc/${PACKAGE_TARNAME}'
dvidir='${docdir}'
exec_prefix='${prefix}'
host='x86_64-pc-linux-gnu'
host_alias=''
host_cpu='x86_64'
host_os='linux-gnu'
host_vendor='pc'
htmldir='${docdir}'
includedir='${prefix}/include'
infodir='${datarootdir}/info'
install_sh='${SHELL} /home/rgarvey/code/sotest2/proj1/install-sh'
libdir='${exec_prefix}/lib'
libexecdir='${exec_prefix}/libexec'
libp1_dir='/home/rgarvey/code/sotest2/libp1'
localedir='${datarootdir}/locale'
localstatedir='${prefix}/var'
mandir='${datarootdir}/man'
mkdir_p='$(MKDIR_P)'
oldincludedir='/usr/include'
pdfdir='${docdir}'
prefix='/usr/local'
program_transform_name='s,x,x,'
psdir='${docdir}'
runstatedir='${localstatedir}/run'
sbindir='${exec_prefix}/sbin'
sharedstatedir='${prefix}/com'
sysconfdir='${prefix}/etc'
target_alias=''
xbinder_includes='/common/lib/xbinder/xbv260'
xbinder_ldflags='-Wl,-rpath=/common/lib/xbinder/xbv260/cpp/lib'
xbinder_libdir='/common/lib/xbinder/xbv260/cpp/lib'
xbinder_libs='/common/lib/xbinder/xbv260/cpp/lib/rtXmlExpatIF_a.o -losysrt -losysrtxml -lexpat'
xbinder_program='env OSLICDIR=/common/lib/xbinder/xbv260/bin /common/lib/xbinder/xbv260/bin/xbinder'

## ----------- ##
## confdefs.h. ##
## ----------- ##

/* confdefs.h */
#define PACKAGE_NAME "prog1"
#define PACKAGE_TARNAME "prog1"
#define PACKAGE_VERSION "1.0.0 "
#define PACKAGE_STRING "prog1 1.0.0 "
#define PACKAGE_BUGREPORT ""
#define PACKAGE_URL ""
#define STDC_HEADERS 1
#define HAVE_SYS_TYPES_H 1
#define HAVE_SYS_STAT_H 1
#define HAVE_STDLIB_H 1
#define HAVE_STRING_H 1
#define HAVE_MEMORY_H 1
#define HAVE_STRINGS_H 1
#define HAVE_INTTYPES_H 1
#define HAVE_STDINT_H 1
#define HAVE_UNISTD_H 1
#define HAVE_DLFCN_H 1
#define LT_OBJDIR ".libs/"
#define PACKAGE "prog1"
#define VERSION "1.0.0 "

configure: exit 0
